C51 COMPILER V9.60.0.0   SENSOR                                                            02/17/2023 12:16:31 PAGE 1   


C51 COMPILER V9.60.0.0, COMPILATION OF MODULE SENSOR
OBJECT MODULE PLACED IN .\Objects\sensor.obj
COMPILER INVOKED BY: C:\Keil_v5\C51\BIN\C51.EXE sensor.c OPTIMIZE(8,SPEED) BROWSE DEBUG OBJECTEXTEND PRINT(.\Listings\se
                    -nsor.lst) TABS(2) OBJECT(.\Objects\sensor.obj)

line level    source

   1          #include <reg51.h>
   2          #include "lcd_header.h"
*** WARNING C235 IN LINE 34 OF lcd_header.h: parameter 1: different types
   3          #define adc_input P1
   4          
   5          sbit wr = P2^5;
   6          sbit rd = P2^6;
   7          sbit intr = P2^7;
   8          
   9          unsigned int value;
  10          
  11          void convert_display(unsigned char value)
  12          {
  13   1        unsigned char x1,x2,x3;
  14   1        cmd(0x86);  //set cursor position
  15   1        x1=(value/10)+0x30;//tens place digit
  16   1        x2=value%10+0x30;//units place digit
  17   1        x3=0xDF;     //degree(°) symbol
  18   1        write(x1);  
  19   1        write(x2);
  20   1        write(x3);
  21   1        write('C');
  22   1      }
  23          
  24          void main(){
  25   1        init();
  26   1        
  27   1        intr = 1;
  28   1        rd = 1;
  29   1        wr = 1;
  30   1        
  31   1        while(1){
  32   2          delay(10);
  33   2          wr = 1;
  34   2          delay(1); 
  35   2          wr = 0; //start conversion
  36   2          //intr=1 means conversion is over
  37   2          while(intr == 1); 
  38   2          rd = 0; //rd low to read data
  39   2          value = P1;
  40   2          convert_display(value*2);
  41   2          delay(10);
  42   2          rd = 1;
  43   2        }
  44   1          
  45   1      }


MODULE INFORMATION:   STATIC OVERLAYABLE
   CODE SIZE        =    332    ----
   CONSTANT SIZE    =   ----    ----
   XDATA SIZE       =   ----    ----
   PDATA SIZE       =   ----    ----
   DATA SIZE        =      2      16
C51 COMPILER V9.60.0.0   SENSOR                                                            02/17/2023 12:16:31 PAGE 2   

   IDATA SIZE       =   ----    ----
   BIT SIZE         =   ----    ----
END OF MODULE INFORMATION.


C51 COMPILATION COMPLETE.  1 WARNING(S),  0 ERROR(S)
