C51 COMPILER V9.60.0.0   SENSOR                                                            02/22/2023 13:19:58 PAGE 1   


C51 COMPILER V9.60.0.0, COMPILATION OF MODULE SENSOR
OBJECT MODULE PLACED IN .\Objects\sensor.obj
COMPILER INVOKED BY: C:\Keil_v5\C51\BIN\C51.EXE sensor.c OPTIMIZE(8,SPEED) BROWSE DEBUG OBJECTEXTEND PRINT(.\Listings\se
                    -nsor.lst) TABS(2) OBJECT(.\Objects\sensor.obj)

line level    source

   1          #include <reg51.h>
   2          #include "lcd_header.h"
*** WARNING C235 IN LINE 34 OF lcd_header.h: parameter 1: different types
   3          #define adc_input P1
   4          
   5          sbit wr = P2^5;
   6          sbit rd = P2^6;
   7          sbit intr = P2^7;
   8          
   9          void convert_display(unsigned char val)
  10          {
  11   1        unsigned char x1,x2,x3;
  12   1        cmd(0x86);  //set cursor position
  13   1        x1=(val/10)+0x30;//tens place digit
  14   1        x2=val%10+0x30;//units place digit
  15   1        x3=0xDF;     //degree(°) symbol
  16   1        write(x1);  
  17   1        write(x2);
  18   1        write(x3);
  19   1        write('C');
  20   1      }
  21          
  22          void main(){
  23   1        unsigned char val,i=0;
  24   1        init();
  25   1      
  26   1        intr = 1;
  27   1          
  28   1        while(1){
  29   2          rd=1;
  30   2          delay(10);
  31   2          wr = 1;
  32   2          delay(1); 
  33   2          wr = 0; //start conversion
  34   2          //intr=0 means conversion is over
  35   2          while(intr == 1); 
  36   2          rd = 0; //rd low to read data
  37   2          val = P1;
  38   2          convert_display(val);
  39   2          //write(++i +48);
  40   2          delay(10);
  41   2        }
  42   1          
  43   1      }


MODULE INFORMATION:   STATIC OVERLAYABLE
   CODE SIZE        =    325    ----
   CONSTANT SIZE    =   ----    ----
   XDATA SIZE       =   ----    ----
   PDATA SIZE       =   ----    ----
   DATA SIZE        =   ----      18
   IDATA SIZE       =   ----    ----
   BIT SIZE         =   ----    ----
C51 COMPILER V9.60.0.0   SENSOR                                                            02/22/2023 13:19:58 PAGE 2   

END OF MODULE INFORMATION.


C51 COMPILATION COMPLETE.  1 WARNING(S),  0 ERROR(S)
